2019/01/17-19:51 [main] INFO  com.micky.demo.DemoApplication- Starting DemoApplication on DESKTOP-NS3TQCR with PID 28556 (started by 王志汤 in C:\Users\王志汤\IdeaProjects\demo)
2019/01/17-19:51 [main] INFO  com.micky.demo.DemoApplication- No active profile set, falling back to default profiles: default
2019/01/17-19:51 [main] WARN  org.mybatis.spring.mapper.ClassPathMapperScanner- No MyBatis mapper was found in '[com.micky.demo.config.dao]' package. Please check your configuration.
2019/01/17-19:51 [MLog-Init-Reporter] INFO  com.mchange.v2.log.MLog- MLog clients using slf4j logging.
2019/01/17-19:51 [main] INFO  com.mchange.v2.c3p0.C3P0Registry- Initializing c3p0-0.9.5.2 [built 08-December-2015 22:06:04 -0800; debug? true; trace: 10]
2019/01/17-19:51 [main] INFO  org.springframework.boot.web.embedded.tomcat.TomcatWebServer- Tomcat initialized with port(s): 8082 (http)
2019/01/17-19:51 [main] INFO  org.apache.catalina.core.StandardService- Starting service [Tomcat]
2019/01/17-19:51 [main] INFO  org.apache.catalina.core.StandardEngine- Starting Servlet Engine: Apache Tomcat/9.0.13
2019/01/17-19:51 [main] INFO  org.apache.catalina.core.AprLifecycleListener- The APR based Apache Tomcat Native library which allows optimal performance in production environments was not found on the java.library.path: [C:\Program Files\Java\jdk1.8.0_181\bin;C:\WINDOWS\Sun\Java\bin;C:\WINDOWS\system32;C:\WINDOWS;C:\Program Files (x86)\Common Files\Oracle\Java\javapath;C:\Program Files (x86)\Intel\Intel(R) Management Engine Components\iCLS\;C:\Program Files\Intel\Intel(R) Management Engine Components\iCLS\;C:\Windows\system32;C:\Windows;C:\Windows\System32\Wbem;C:\Windows\System32\WindowsPowerShell\v1.0\;C:\Program Files (x86)\Intel\Intel(R) Management Engine Components\DAL;C:\Program Files\Intel\Intel(R) Management Engine Components\DAL;C:\Program Files (x86)\Intel\Intel(R) Management Engine Components\IPT;C:\Program Files\Intel\Intel(R) Management Engine Components\IPT;C:\Program Files (x86)\NVIDIA Corporation\PhysX\Common;"C:\Program Files\Java\jdk1.8.0_181\bin;C:\Program Files\Java\jdk1.8.0_181\jre\bin;";D:\ChromeCoreDownloads\pringboot\apache-maven-3.6.0-bin\apache-maven-3.6.0\bin;C:\WINDOWS\system32;C:\WINDOWS;C:\WINDOWS\System32\Wbem;C:\WINDOWS\System32\WindowsPowerShell\v1.0\;C:\WINDOWS\System32\OpenSSH\;C:\Users\王志汤\AppData\Local\Programs\Python\Python37;C:\Program Files\Sublime Text 3;D:\ChromeCoreDownloads\pringboot\apache-maven-3.6.0-bin\apache-maven-3.6.0\bin\;C:\Program Files\MySQL\MySQL Server 5.5\bin;C:\Users\王志汤\AppData\Local\Microsoft\WindowsApps;;.]
2019/01/17-19:51 [main] INFO  org.apache.catalina.core.ContainerBase.[Tomcat].[localhost].[/demo]- Initializing Spring embedded WebApplicationContext
2019/01/17-19:51 [main] INFO  org.springframework.web.context.ContextLoader- Root WebApplicationContext: initialization completed in 1787 ms
2019/01/17-19:51 [main] INFO  org.springframework.scheduling.concurrent.ThreadPoolTaskExecutor- Initializing ExecutorService 'applicationTaskExecutor'
2019/01/17-19:51 [main] INFO  org.springframework.boot.web.embedded.tomcat.TomcatWebServer- Tomcat started on port(s): 8082 (http) with context path '/demo'
2019/01/17-19:51 [main] INFO  com.micky.demo.DemoApplication- Started DemoApplication in 3.394 seconds (JVM running for 4.087)
2019/01/17-19:54 [main] INFO  com.micky.demo.DemoApplication- Starting DemoApplication on DESKTOP-NS3TQCR with PID 35468 (started by 王志汤 in C:\Users\王志汤\IdeaProjects\demo)
2019/01/17-19:54 [main] INFO  com.micky.demo.DemoApplication- No active profile set, falling back to default profiles: default
2019/01/17-19:54 [main] WARN  org.mybatis.spring.mapper.ClassPathMapperScanner- No MyBatis mapper was found in '[com.micky.demo.config.dao]' package. Please check your configuration.
2019/01/17-19:54 [MLog-Init-Reporter] INFO  com.mchange.v2.log.MLog- MLog clients using slf4j logging.
2019/01/17-19:54 [main] INFO  com.mchange.v2.c3p0.C3P0Registry- Initializing c3p0-0.9.5.2 [built 08-December-2015 22:06:04 -0800; debug? true; trace: 10]
2019/01/17-19:54 [main] INFO  org.springframework.boot.web.embedded.tomcat.TomcatWebServer- Tomcat initialized with port(s): 8082 (http)
2019/01/17-19:54 [main] INFO  org.apache.catalina.core.StandardService- Starting service [Tomcat]
2019/01/17-19:54 [main] INFO  org.apache.catalina.core.StandardEngine- Starting Servlet Engine: Apache Tomcat/9.0.13
2019/01/17-19:54 [main] INFO  org.apache.catalina.core.AprLifecycleListener- The APR based Apache Tomcat Native library which allows optimal performance in production environments was not found on the java.library.path: [C:\Program Files\Java\jdk1.8.0_181\bin;C:\WINDOWS\Sun\Java\bin;C:\WINDOWS\system32;C:\WINDOWS;C:\Program Files (x86)\Common Files\Oracle\Java\javapath;C:\Program Files (x86)\Intel\Intel(R) Management Engine Components\iCLS\;C:\Program Files\Intel\Intel(R) Management Engine Components\iCLS\;C:\Windows\system32;C:\Windows;C:\Windows\System32\Wbem;C:\Windows\System32\WindowsPowerShell\v1.0\;C:\Program Files (x86)\Intel\Intel(R) Management Engine Components\DAL;C:\Program Files\Intel\Intel(R) Management Engine Components\DAL;C:\Program Files (x86)\Intel\Intel(R) Management Engine Components\IPT;C:\Program Files\Intel\Intel(R) Management Engine Components\IPT;C:\Program Files (x86)\NVIDIA Corporation\PhysX\Common;"C:\Program Files\Java\jdk1.8.0_181\bin;C:\Program Files\Java\jdk1.8.0_181\jre\bin;";D:\ChromeCoreDownloads\pringboot\apache-maven-3.6.0-bin\apache-maven-3.6.0\bin;C:\WINDOWS\system32;C:\WINDOWS;C:\WINDOWS\System32\Wbem;C:\WINDOWS\System32\WindowsPowerShell\v1.0\;C:\WINDOWS\System32\OpenSSH\;C:\Users\王志汤\AppData\Local\Programs\Python\Python37;C:\Program Files\Sublime Text 3;D:\ChromeCoreDownloads\pringboot\apache-maven-3.6.0-bin\apache-maven-3.6.0\bin\;C:\Program Files\MySQL\MySQL Server 5.5\bin;C:\Users\王志汤\AppData\Local\Microsoft\WindowsApps;;.]
2019/01/17-19:54 [main] INFO  org.apache.catalina.core.ContainerBase.[Tomcat].[localhost].[/demo]- Initializing Spring embedded WebApplicationContext
2019/01/17-19:54 [main] INFO  org.springframework.web.context.ContextLoader- Root WebApplicationContext: initialization completed in 1092 ms
2019/01/17-19:54 [main] INFO  org.springframework.scheduling.concurrent.ThreadPoolTaskExecutor- Initializing ExecutorService 'applicationTaskExecutor'
2019/01/17-19:54 [main] INFO  org.springframework.boot.web.embedded.tomcat.TomcatWebServer- Tomcat started on port(s): 8082 (http) with context path '/demo'
2019/01/17-19:54 [main] INFO  com.micky.demo.DemoApplication- Started DemoApplication in 2.031 seconds (JVM running for 2.667)
2019/01/17-19:54 [http-nio-8082-exec-1] INFO  org.apache.catalina.core.ContainerBase.[Tomcat].[localhost].[/demo]- Initializing Spring DispatcherServlet 'dispatcherServlet'
2019/01/17-19:54 [http-nio-8082-exec-1] INFO  org.springframework.web.servlet.DispatcherServlet- Initializing Servlet 'dispatcherServlet'
2019/01/17-19:54 [http-nio-8082-exec-1] INFO  org.springframework.web.servlet.DispatcherServlet- Completed initialization in 4 ms
2019/01/17-19:54 [http-nio-8082-exec-1] INFO  com.mchange.v2.c3p0.impl.AbstractPoolBackedDataSource- Initializing c3p0 pool... com.mchange.v2.c3p0.ComboPooledDataSource [ acquireIncrement -> 3, acquireRetryAttempts -> 30, acquireRetryDelay -> 1000, autoCommitOnClose -> false, automaticTestTable -> null, breakAfterAcquireFailure -> false, checkoutTimeout -> 0, connectionCustomizerClassName -> null, connectionTesterClassName -> com.mchange.v2.c3p0.impl.DefaultConnectionTester, contextClassLoaderSource -> caller, dataSourceName -> 1hge18sa0pfkstk16ly8h3|7c7d3c46, debugUnreturnedConnectionStackTraces -> false, description -> null, driverClass -> com.mysql.cj.jdbc.Driver, extensions -> {}, factoryClassLocation -> null, forceIgnoreUnresolvedTransactions -> false, forceSynchronousCheckins -> false, forceUseNamedDriverClass -> false, identityToken -> 1hge18sa0pfkstk16ly8h3|7c7d3c46, idleConnectionTestPeriod -> 0, initialPoolSize -> 3, jdbcUrl -> jdbc:mysql://localhost:3306/myhead?serverTimezone=UTC&useUnicode=true&characterEncoding=utf8&useSSL=false, maxAdministrativeTaskTime -> 0, maxConnectionAge -> 0, maxIdleTime -> 0, maxIdleTimeExcessConnections -> 0, maxPoolSize -> 15, maxStatements -> 0, maxStatementsPerConnection -> 0, minPoolSize -> 3, numHelperThreads -> 3, preferredTestQuery -> null, privilegeSpawnedThreads -> false, properties -> {user=******, password=******}, propertyCycle -> 0, statementCacheNumDeferredCloseThreads -> 0, testConnectionOnCheckin -> false, testConnectionOnCheckout -> false, unreturnedConnectionTimeout -> 0, userOverrides -> {}, usesTraditionalReflectiveProxies -> false ]
2019/01/17-19:54 [http-nio-8082-exec-1] ERROR com.micky.demo.handler.GlobalExceptionHandel- 测试错误
2019/01/17-19:55 [main] INFO  com.micky.demo.DemoApplication- Starting DemoApplication on DESKTOP-NS3TQCR with PID 21116 (started by 王志汤 in C:\Users\王志汤\IdeaProjects\demo)
2019/01/17-19:55 [main] INFO  com.micky.demo.DemoApplication- No active profile set, falling back to default profiles: default
2019/01/17-19:55 [main] WARN  org.mybatis.spring.mapper.ClassPathMapperScanner- No MyBatis mapper was found in '[com.micky.demo.config.dao]' package. Please check your configuration.
2019/01/17-19:55 [MLog-Init-Reporter] INFO  com.mchange.v2.log.MLog- MLog clients using slf4j logging.
2019/01/17-19:55 [main] INFO  com.mchange.v2.c3p0.C3P0Registry- Initializing c3p0-0.9.5.2 [built 08-December-2015 22:06:04 -0800; debug? true; trace: 10]
2019/01/17-19:55 [main] INFO  org.springframework.boot.web.embedded.tomcat.TomcatWebServer- Tomcat initialized with port(s): 8082 (http)
2019/01/17-19:55 [main] INFO  org.apache.catalina.core.StandardService- Starting service [Tomcat]
2019/01/17-19:55 [main] INFO  org.apache.catalina.core.StandardEngine- Starting Servlet Engine: Apache Tomcat/9.0.13
2019/01/17-19:55 [main] INFO  org.apache.catalina.core.AprLifecycleListener- The APR based Apache Tomcat Native library which allows optimal performance in production environments was not found on the java.library.path: [C:\Program Files\Java\jdk1.8.0_181\bin;C:\WINDOWS\Sun\Java\bin;C:\WINDOWS\system32;C:\WINDOWS;C:\Program Files (x86)\Common Files\Oracle\Java\javapath;C:\Program Files (x86)\Intel\Intel(R) Management Engine Components\iCLS\;C:\Program Files\Intel\Intel(R) Management Engine Components\iCLS\;C:\Windows\system32;C:\Windows;C:\Windows\System32\Wbem;C:\Windows\System32\WindowsPowerShell\v1.0\;C:\Program Files (x86)\Intel\Intel(R) Management Engine Components\DAL;C:\Program Files\Intel\Intel(R) Management Engine Components\DAL;C:\Program Files (x86)\Intel\Intel(R) Management Engine Components\IPT;C:\Program Files\Intel\Intel(R) Management Engine Components\IPT;C:\Program Files (x86)\NVIDIA Corporation\PhysX\Common;"C:\Program Files\Java\jdk1.8.0_181\bin;C:\Program Files\Java\jdk1.8.0_181\jre\bin;";D:\ChromeCoreDownloads\pringboot\apache-maven-3.6.0-bin\apache-maven-3.6.0\bin;C:\WINDOWS\system32;C:\WINDOWS;C:\WINDOWS\System32\Wbem;C:\WINDOWS\System32\WindowsPowerShell\v1.0\;C:\WINDOWS\System32\OpenSSH\;C:\Users\王志汤\AppData\Local\Programs\Python\Python37;C:\Program Files\Sublime Text 3;D:\ChromeCoreDownloads\pringboot\apache-maven-3.6.0-bin\apache-maven-3.6.0\bin\;C:\Program Files\MySQL\MySQL Server 5.5\bin;C:\Users\王志汤\AppData\Local\Microsoft\WindowsApps;;.]
2019/01/17-19:55 [main] INFO  org.apache.catalina.core.ContainerBase.[Tomcat].[localhost].[/demo]- Initializing Spring embedded WebApplicationContext
2019/01/17-19:55 [main] INFO  org.springframework.web.context.ContextLoader- Root WebApplicationContext: initialization completed in 1024 ms
2019/01/17-19:55 [main] INFO  org.springframework.scheduling.concurrent.ThreadPoolTaskExecutor- Initializing ExecutorService 'applicationTaskExecutor'
2019/01/17-19:55 [main] INFO  org.springframework.boot.web.embedded.tomcat.TomcatWebServer- Tomcat started on port(s): 8082 (http) with context path '/demo'
2019/01/17-19:55 [main] INFO  com.micky.demo.DemoApplication- Started DemoApplication in 1.854 seconds (JVM running for 2.427)
2019/01/17-19:55 [http-nio-8082-exec-1] INFO  org.apache.catalina.core.ContainerBase.[Tomcat].[localhost].[/demo]- Initializing Spring DispatcherServlet 'dispatcherServlet'
2019/01/17-19:55 [http-nio-8082-exec-1] INFO  org.springframework.web.servlet.DispatcherServlet- Initializing Servlet 'dispatcherServlet'
2019/01/17-19:55 [http-nio-8082-exec-1] INFO  org.springframework.web.servlet.DispatcherServlet- Completed initialization in 4 ms
2019/01/17-19:55 [http-nio-8082-exec-1] INFO  com.mchange.v2.c3p0.impl.AbstractPoolBackedDataSource- Initializing c3p0 pool... com.mchange.v2.c3p0.ComboPooledDataSource [ acquireIncrement -> 3, acquireRetryAttempts -> 30, acquireRetryDelay -> 1000, autoCommitOnClose -> false, automaticTestTable -> null, breakAfterAcquireFailure -> false, checkoutTimeout -> 0, connectionCustomizerClassName -> null, connectionTesterClassName -> com.mchange.v2.c3p0.impl.DefaultConnectionTester, contextClassLoaderSource -> caller, dataSourceName -> 1hge18sa0pfmbxg1uzf6tx|61526469, debugUnreturnedConnectionStackTraces -> false, description -> null, driverClass -> com.mysql.cj.jdbc.Driver, extensions -> {}, factoryClassLocation -> null, forceIgnoreUnresolvedTransactions -> false, forceSynchronousCheckins -> false, forceUseNamedDriverClass -> false, identityToken -> 1hge18sa0pfmbxg1uzf6tx|61526469, idleConnectionTestPeriod -> 0, initialPoolSize -> 3, jdbcUrl -> jdbc:mysql://localhost:3306/myhead?serverTimezone=UTC&useUnicode=true&characterEncoding=utf8&useSSL=false, maxAdministrativeTaskTime -> 0, maxConnectionAge -> 0, maxIdleTime -> 0, maxIdleTimeExcessConnections -> 0, maxPoolSize -> 15, maxStatements -> 0, maxStatementsPerConnection -> 0, minPoolSize -> 3, numHelperThreads -> 3, preferredTestQuery -> null, privilegeSpawnedThreads -> false, properties -> {user=******, password=******}, propertyCycle -> 0, statementCacheNumDeferredCloseThreads -> 0, testConnectionOnCheckin -> false, testConnectionOnCheckout -> false, unreturnedConnectionTimeout -> 0, userOverrides -> {}, usesTraditionalReflectiveProxies -> false ]
2019/01/17-19:55 [http-nio-8082-exec-1] ERROR com.micky.demo.handler.GlobalExceptionHandel- 测试错误
2019/01/17-19:56 [main] INFO  com.micky.demo.DemoApplication- Starting DemoApplication on DESKTOP-NS3TQCR with PID 37676 (started by 王志汤 in C:\Users\王志汤\IdeaProjects\demo)
2019/01/17-19:56 [main] INFO  com.micky.demo.DemoApplication- No active profile set, falling back to default profiles: default
2019/01/17-19:56 [main] WARN  org.mybatis.spring.mapper.ClassPathMapperScanner- No MyBatis mapper was found in '[com.micky.demo.config.dao]' package. Please check your configuration.
2019/01/17-19:56 [MLog-Init-Reporter] INFO  com.mchange.v2.log.MLog- MLog clients using slf4j logging.
2019/01/17-19:56 [main] INFO  com.mchange.v2.c3p0.C3P0Registry- Initializing c3p0-0.9.5.2 [built 08-December-2015 22:06:04 -0800; debug? true; trace: 10]
2019/01/17-19:56 [main] INFO  org.springframework.boot.web.embedded.tomcat.TomcatWebServer- Tomcat initialized with port(s): 8082 (http)
2019/01/17-19:56 [main] INFO  org.apache.catalina.core.StandardService- Starting service [Tomcat]
2019/01/17-19:56 [main] INFO  org.apache.catalina.core.StandardEngine- Starting Servlet Engine: Apache Tomcat/9.0.13
2019/01/17-19:56 [main] INFO  org.apache.catalina.core.AprLifecycleListener- The APR based Apache Tomcat Native library which allows optimal performance in production environments was not found on the java.library.path: [C:\Program Files\Java\jdk1.8.0_181\bin;C:\WINDOWS\Sun\Java\bin;C:\WINDOWS\system32;C:\WINDOWS;C:\Program Files (x86)\Common Files\Oracle\Java\javapath;C:\Program Files (x86)\Intel\Intel(R) Management Engine Components\iCLS\;C:\Program Files\Intel\Intel(R) Management Engine Components\iCLS\;C:\Windows\system32;C:\Windows;C:\Windows\System32\Wbem;C:\Windows\System32\WindowsPowerShell\v1.0\;C:\Program Files (x86)\Intel\Intel(R) Management Engine Components\DAL;C:\Program Files\Intel\Intel(R) Management Engine Components\DAL;C:\Program Files (x86)\Intel\Intel(R) Management Engine Components\IPT;C:\Program Files\Intel\Intel(R) Management Engine Components\IPT;C:\Program Files (x86)\NVIDIA Corporation\PhysX\Common;"C:\Program Files\Java\jdk1.8.0_181\bin;C:\Program Files\Java\jdk1.8.0_181\jre\bin;";D:\ChromeCoreDownloads\pringboot\apache-maven-3.6.0-bin\apache-maven-3.6.0\bin;C:\WINDOWS\system32;C:\WINDOWS;C:\WINDOWS\System32\Wbem;C:\WINDOWS\System32\WindowsPowerShell\v1.0\;C:\WINDOWS\System32\OpenSSH\;C:\Users\王志汤\AppData\Local\Programs\Python\Python37;C:\Program Files\Sublime Text 3;D:\ChromeCoreDownloads\pringboot\apache-maven-3.6.0-bin\apache-maven-3.6.0\bin\;C:\Program Files\MySQL\MySQL Server 5.5\bin;C:\Users\王志汤\AppData\Local\Microsoft\WindowsApps;;.]
2019/01/17-19:56 [main] INFO  org.apache.catalina.core.ContainerBase.[Tomcat].[localhost].[/demo]- Initializing Spring embedded WebApplicationContext
2019/01/17-19:56 [main] INFO  org.springframework.web.context.ContextLoader- Root WebApplicationContext: initialization completed in 1102 ms
2019/01/17-19:56 [main] INFO  org.springframework.scheduling.concurrent.ThreadPoolTaskExecutor- Initializing ExecutorService 'applicationTaskExecutor'
2019/01/17-19:56 [main] INFO  org.springframework.boot.web.embedded.tomcat.TomcatWebServer- Tomcat started on port(s): 8082 (http) with context path '/demo'
2019/01/17-19:56 [main] INFO  com.micky.demo.DemoApplication- Started DemoApplication in 1.935 seconds (JVM running for 2.515)
2019/01/17-19:56 [http-nio-8082-exec-1] INFO  org.apache.catalina.core.ContainerBase.[Tomcat].[localhost].[/demo]- Initializing Spring DispatcherServlet 'dispatcherServlet'
2019/01/17-19:56 [http-nio-8082-exec-1] INFO  org.springframework.web.servlet.DispatcherServlet- Initializing Servlet 'dispatcherServlet'
2019/01/17-19:56 [http-nio-8082-exec-1] INFO  org.springframework.web.servlet.DispatcherServlet- Completed initialization in 5 ms
2019/01/17-19:56 [http-nio-8082-exec-1] INFO  com.mchange.v2.c3p0.impl.AbstractPoolBackedDataSource- Initializing c3p0 pool... com.mchange.v2.c3p0.ComboPooledDataSource [ acquireIncrement -> 3, acquireRetryAttempts -> 30, acquireRetryDelay -> 1000, autoCommitOnClose -> false, automaticTestTable -> null, breakAfterAcquireFailure -> false, checkoutTimeout -> 0, connectionCustomizerClassName -> null, connectionTesterClassName -> com.mchange.v2.c3p0.impl.DefaultConnectionTester, contextClassLoaderSource -> caller, dataSourceName -> 1hge18sa0pfnuus6kvehr|675d8c96, debugUnreturnedConnectionStackTraces -> false, description -> null, driverClass -> com.mysql.cj.jdbc.Driver, extensions -> {}, factoryClassLocation -> null, forceIgnoreUnresolvedTransactions -> false, forceSynchronousCheckins -> false, forceUseNamedDriverClass -> false, identityToken -> 1hge18sa0pfnuus6kvehr|675d8c96, idleConnectionTestPeriod -> 0, initialPoolSize -> 3, jdbcUrl -> jdbc:mysql://localhost:3306/myhead?serverTimezone=UTC&useUnicode=true&characterEncoding=utf8&useSSL=false, maxAdministrativeTaskTime -> 0, maxConnectionAge -> 0, maxIdleTime -> 0, maxIdleTimeExcessConnections -> 0, maxPoolSize -> 15, maxStatements -> 0, maxStatementsPerConnection -> 0, minPoolSize -> 3, numHelperThreads -> 3, preferredTestQuery -> null, privilegeSpawnedThreads -> false, properties -> {user=******, password=******}, propertyCycle -> 0, statementCacheNumDeferredCloseThreads -> 0, testConnectionOnCheckin -> false, testConnectionOnCheckout -> false, unreturnedConnectionTimeout -> 0, userOverrides -> {}, usesTraditionalReflectiveProxies -> false ]
2019/01/17-19:56 [main] INFO  com.micky.demo.DemoApplication- Starting DemoApplication on DESKTOP-NS3TQCR with PID 36548 (started by 王志汤 in C:\Users\王志汤\IdeaProjects\demo)
2019/01/17-19:56 [main] INFO  com.micky.demo.DemoApplication- No active profile set, falling back to default profiles: default
2019/01/17-19:56 [main] WARN  org.mybatis.spring.mapper.ClassPathMapperScanner- No MyBatis mapper was found in '[com.micky.demo.config.dao]' package. Please check your configuration.
2019/01/17-19:56 [MLog-Init-Reporter] INFO  com.mchange.v2.log.MLog- MLog clients using slf4j logging.
2019/01/17-19:56 [main] INFO  com.mchange.v2.c3p0.C3P0Registry- Initializing c3p0-0.9.5.2 [built 08-December-2015 22:06:04 -0800; debug? true; trace: 10]
2019/01/17-19:56 [main] INFO  org.springframework.boot.web.embedded.tomcat.TomcatWebServer- Tomcat initialized with port(s): 8082 (http)
2019/01/17-19:56 [main] INFO  org.apache.catalina.core.StandardService- Starting service [Tomcat]
2019/01/17-19:56 [main] INFO  org.apache.catalina.core.StandardEngine- Starting Servlet Engine: Apache Tomcat/9.0.13
2019/01/17-19:56 [main] INFO  org.apache.catalina.core.AprLifecycleListener- The APR based Apache Tomcat Native library which allows optimal performance in production environments was not found on the java.library.path: [C:\Program Files\Java\jdk1.8.0_181\bin;C:\WINDOWS\Sun\Java\bin;C:\WINDOWS\system32;C:\WINDOWS;C:\Program Files (x86)\Common Files\Oracle\Java\javapath;C:\Program Files (x86)\Intel\Intel(R) Management Engine Components\iCLS\;C:\Program Files\Intel\Intel(R) Management Engine Components\iCLS\;C:\Windows\system32;C:\Windows;C:\Windows\System32\Wbem;C:\Windows\System32\WindowsPowerShell\v1.0\;C:\Program Files (x86)\Intel\Intel(R) Management Engine Components\DAL;C:\Program Files\Intel\Intel(R) Management Engine Components\DAL;C:\Program Files (x86)\Intel\Intel(R) Management Engine Components\IPT;C:\Program Files\Intel\Intel(R) Management Engine Components\IPT;C:\Program Files (x86)\NVIDIA Corporation\PhysX\Common;"C:\Program Files\Java\jdk1.8.0_181\bin;C:\Program Files\Java\jdk1.8.0_181\jre\bin;";D:\ChromeCoreDownloads\pringboot\apache-maven-3.6.0-bin\apache-maven-3.6.0\bin;C:\WINDOWS\system32;C:\WINDOWS;C:\WINDOWS\System32\Wbem;C:\WINDOWS\System32\WindowsPowerShell\v1.0\;C:\WINDOWS\System32\OpenSSH\;C:\Users\王志汤\AppData\Local\Programs\Python\Python37;C:\Program Files\Sublime Text 3;D:\ChromeCoreDownloads\pringboot\apache-maven-3.6.0-bin\apache-maven-3.6.0\bin\;C:\Program Files\MySQL\MySQL Server 5.5\bin;C:\Users\王志汤\AppData\Local\Microsoft\WindowsApps;;.]
2019/01/17-19:56 [main] INFO  org.apache.catalina.core.ContainerBase.[Tomcat].[localhost].[/demo]- Initializing Spring embedded WebApplicationContext
2019/01/17-19:56 [main] INFO  org.springframework.web.context.ContextLoader- Root WebApplicationContext: initialization completed in 1025 ms
2019/01/17-19:56 [main] INFO  org.springframework.scheduling.concurrent.ThreadPoolTaskExecutor- Initializing ExecutorService 'applicationTaskExecutor'
2019/01/17-19:56 [main] INFO  org.springframework.boot.web.embedded.tomcat.TomcatWebServer- Tomcat started on port(s): 8082 (http) with context path '/demo'
2019/01/17-19:56 [main] INFO  com.micky.demo.DemoApplication- Started DemoApplication in 1.874 seconds (JVM running for 2.474)
2019/01/17-19:56 [http-nio-8082-exec-1] INFO  org.apache.catalina.core.ContainerBase.[Tomcat].[localhost].[/demo]- Initializing Spring DispatcherServlet 'dispatcherServlet'
2019/01/17-19:56 [http-nio-8082-exec-1] INFO  org.springframework.web.servlet.DispatcherServlet- Initializing Servlet 'dispatcherServlet'
2019/01/17-19:56 [http-nio-8082-exec-1] INFO  org.springframework.web.servlet.DispatcherServlet- Completed initialization in 7 ms
2019/01/17-19:56 [http-nio-8082-exec-1] INFO  com.mchange.v2.c3p0.impl.AbstractPoolBackedDataSource- Initializing c3p0 pool... com.mchange.v2.c3p0.ComboPooledDataSource [ acquireIncrement -> 3, acquireRetryAttempts -> 30, acquireRetryDelay -> 1000, autoCommitOnClose -> false, automaticTestTable -> null, breakAfterAcquireFailure -> false, checkoutTimeout -> 0, connectionCustomizerClassName -> null, connectionTesterClassName -> com.mchange.v2.c3p0.impl.DefaultConnectionTester, contextClassLoaderSource -> caller, dataSourceName -> 1hge18sa0pfog7d3wr4jk|1991f767, debugUnreturnedConnectionStackTraces -> false, description -> null, driverClass -> com.mysql.cj.jdbc.Driver, extensions -> {}, factoryClassLocation -> null, forceIgnoreUnresolvedTransactions -> false, forceSynchronousCheckins -> false, forceUseNamedDriverClass -> false, identityToken -> 1hge18sa0pfog7d3wr4jk|1991f767, idleConnectionTestPeriod -> 0, initialPoolSize -> 3, jdbcUrl -> jdbc:mysql://localhost:3306/myhead?serverTimezone=UTC&useUnicode=true&characterEncoding=utf8&useSSL=false, maxAdministrativeTaskTime -> 0, maxConnectionAge -> 0, maxIdleTime -> 0, maxIdleTimeExcessConnections -> 0, maxPoolSize -> 15, maxStatements -> 0, maxStatementsPerConnection -> 0, minPoolSize -> 3, numHelperThreads -> 3, preferredTestQuery -> null, privilegeSpawnedThreads -> false, properties -> {user=******, password=******}, propertyCycle -> 0, statementCacheNumDeferredCloseThreads -> 0, testConnectionOnCheckin -> false, testConnectionOnCheckout -> false, unreturnedConnectionTimeout -> 0, userOverrides -> {}, usesTraditionalReflectiveProxies -> false ]
2019/01/17-19:56 [http-nio-8082-exec-1] ERROR com.micky.demo.handler.GlobalExceptionHandel- 测试错误
2019/01/17-19:57 [http-nio-8082-exec-2] ERROR com.micky.demo.handler.GlobalExceptionHandel- 测试错误
2019/01/17-20:01 [main] INFO  com.micky.demo.DemoApplication- Starting DemoApplication on DESKTOP-NS3TQCR with PID 40732 (started by 王志汤 in C:\Users\王志汤\IdeaProjects\demo)
2019/01/17-20:01 [main] INFO  com.micky.demo.DemoApplication- No active profile set, falling back to default profiles: default
2019/01/17-20:01 [main] WARN  org.mybatis.spring.mapper.ClassPathMapperScanner- No MyBatis mapper was found in '[com.micky.demo.config.dao]' package. Please check your configuration.
2019/01/17-20:01 [MLog-Init-Reporter] INFO  com.mchange.v2.log.MLog- MLog clients using slf4j logging.
2019/01/17-20:01 [main] INFO  com.mchange.v2.c3p0.C3P0Registry- Initializing c3p0-0.9.5.2 [built 08-December-2015 22:06:04 -0800; debug? true; trace: 10]
2019/01/17-20:01 [main] INFO  org.springframework.boot.web.embedded.tomcat.TomcatWebServer- Tomcat initialized with port(s): 8082 (http)
2019/01/17-20:01 [main] INFO  org.apache.catalina.core.StandardService- Starting service [Tomcat]
2019/01/17-20:01 [main] INFO  org.apache.catalina.core.StandardEngine- Starting Servlet Engine: Apache Tomcat/9.0.13
2019/01/17-20:01 [main] INFO  org.apache.catalina.core.AprLifecycleListener- The APR based Apache Tomcat Native library which allows optimal performance in production environments was not found on the java.library.path: [C:\Program Files\Java\jdk1.8.0_181\bin;C:\WINDOWS\Sun\Java\bin;C:\WINDOWS\system32;C:\WINDOWS;C:\Program Files (x86)\Common Files\Oracle\Java\javapath;C:\Program Files (x86)\Intel\Intel(R) Management Engine Components\iCLS\;C:\Program Files\Intel\Intel(R) Management Engine Components\iCLS\;C:\Windows\system32;C:\Windows;C:\Windows\System32\Wbem;C:\Windows\System32\WindowsPowerShell\v1.0\;C:\Program Files (x86)\Intel\Intel(R) Management Engine Components\DAL;C:\Program Files\Intel\Intel(R) Management Engine Components\DAL;C:\Program Files (x86)\Intel\Intel(R) Management Engine Components\IPT;C:\Program Files\Intel\Intel(R) Management Engine Components\IPT;C:\Program Files (x86)\NVIDIA Corporation\PhysX\Common;"C:\Program Files\Java\jdk1.8.0_181\bin;C:\Program Files\Java\jdk1.8.0_181\jre\bin;";D:\ChromeCoreDownloads\pringboot\apache-maven-3.6.0-bin\apache-maven-3.6.0\bin;C:\WINDOWS\system32;C:\WINDOWS;C:\WINDOWS\System32\Wbem;C:\WINDOWS\System32\WindowsPowerShell\v1.0\;C:\WINDOWS\System32\OpenSSH\;C:\Users\王志汤\AppData\Local\Programs\Python\Python37;C:\Program Files\Sublime Text 3;D:\ChromeCoreDownloads\pringboot\apache-maven-3.6.0-bin\apache-maven-3.6.0\bin\;C:\Program Files\MySQL\MySQL Server 5.5\bin;C:\Users\王志汤\AppData\Local\Microsoft\WindowsApps;;.]
2019/01/17-20:01 [main] INFO  org.apache.catalina.core.ContainerBase.[Tomcat].[localhost].[/demo]- Initializing Spring embedded WebApplicationContext
2019/01/17-20:01 [main] INFO  org.springframework.web.context.ContextLoader- Root WebApplicationContext: initialization completed in 1032 ms
2019/01/17-20:01 [main] INFO  org.springframework.scheduling.concurrent.ThreadPoolTaskExecutor- Initializing ExecutorService 'applicationTaskExecutor'
2019/01/17-20:01 [main] INFO  org.springframework.boot.web.embedded.tomcat.TomcatWebServer- Tomcat started on port(s): 8082 (http) with context path '/demo'
2019/01/17-20:01 [main] INFO  com.micky.demo.DemoApplication- Started DemoApplication in 1.91 seconds (JVM running for 2.515)
2019/01/17-20:01 [http-nio-8082-exec-1] INFO  org.apache.catalina.core.ContainerBase.[Tomcat].[localhost].[/demo]- Initializing Spring DispatcherServlet 'dispatcherServlet'
2019/01/17-20:01 [http-nio-8082-exec-1] INFO  org.springframework.web.servlet.DispatcherServlet- Initializing Servlet 'dispatcherServlet'
2019/01/17-20:01 [http-nio-8082-exec-1] INFO  org.springframework.web.servlet.DispatcherServlet- Completed initialization in 6 ms
2019/01/17-20:01 [http-nio-8082-exec-1] INFO  com.mchange.v2.c3p0.impl.AbstractPoolBackedDataSource- Initializing c3p0 pool... com.mchange.v2.c3p0.ComboPooledDataSource [ acquireIncrement -> 3, acquireRetryAttempts -> 30, acquireRetryDelay -> 1000, autoCommitOnClose -> false, automaticTestTable -> null, breakAfterAcquireFailure -> false, checkoutTimeout -> 0, connectionCustomizerClassName -> null, connectionTesterClassName -> com.mchange.v2.c3p0.impl.DefaultConnectionTester, contextClassLoaderSource -> caller, dataSourceName -> 1hge18sa0pfu7zqegfjhh|29ef6856, debugUnreturnedConnectionStackTraces -> false, description -> null, driverClass -> com.mysql.cj.jdbc.Driver, extensions -> {}, factoryClassLocation -> null, forceIgnoreUnresolvedTransactions -> false, forceSynchronousCheckins -> false, forceUseNamedDriverClass -> false, identityToken -> 1hge18sa0pfu7zqegfjhh|29ef6856, idleConnectionTestPeriod -> 0, initialPoolSize -> 3, jdbcUrl -> jdbc:mysql://localhost:3306/myhead?serverTimezone=UTC&useUnicode=true&characterEncoding=utf8&useSSL=false, maxAdministrativeTaskTime -> 0, maxConnectionAge -> 0, maxIdleTime -> 0, maxIdleTimeExcessConnections -> 0, maxPoolSize -> 15, maxStatements -> 0, maxStatementsPerConnection -> 0, minPoolSize -> 3, numHelperThreads -> 3, preferredTestQuery -> null, privilegeSpawnedThreads -> false, properties -> {user=******, password=******}, propertyCycle -> 0, statementCacheNumDeferredCloseThreads -> 0, testConnectionOnCheckin -> false, testConnectionOnCheckout -> false, unreturnedConnectionTimeout -> 0, userOverrides -> {}, usesTraditionalReflectiveProxies -> false ]
2019/01/17-20:01 [http-nio-8082-exec-1] ERROR com.micky.demo.handler.GlobalExceptionHandel- 测试错误
